
*** Running vivado
    with args -log design_1_myip_v1_1_0_0.vds -m64 -product Vivado -mode batch -messageDb vivado.pb -notrace -source design_1_myip_v1_1_0_0.tcl


****** Vivado v2019.1 (64-bit)
  **** SW Build 2552052 on Fri May 24 14:49:42 MDT 2019
  **** IP Build 2548770 on Fri May 24 18:01:18 MDT 2019
    ** Copyright 1986-2019 Xilinx, Inc. All Rights Reserved.

source design_1_myip_v1_1_0_0.tcl -notrace
INFO: [IP_Flow 19-234] Refreshing IP repositories
INFO: [IP_Flow 19-1700] Loaded user IP repository 's:/ESDII-Lab4-main/blink/ip'.
INFO: [IP_Flow 19-2313] Loaded Vivado IP repository 'C:/Xilinx/Vivado/2019.1/data/ip'.
Command: synth_design -top design_1_myip_v1_1_0_0 -part xc7z020clg400-3 -mode out_of_context
Starting synth_design
Attempting to get a license for feature 'Synthesis' and/or device 'xc7z020'
INFO: [Common 17-349] Got license for feature 'Synthesis' and/or device 'xc7z020'
INFO: [Device 21-403] Loading part xc7z020clg400-3
INFO: Launching helper process for spawning children vivado processes
INFO: Helper process launched with PID 23736 
---------------------------------------------------------------------------------
Starting RTL Elaboration : Time (s): cpu = 00:00:02 ; elapsed = 00:00:03 . Memory (MB): peak = 834.629 ; gain = 177.711
---------------------------------------------------------------------------------
INFO: [Synth 8-638] synthesizing module 'design_1_myip_v1_1_0_0' [s:/ESDII-Lab4-main/blink/src/ip/design_1_myip_v1_1_0_0/synth/design_1_myip_v1_1_0_0.vhd:84]
	Parameter C_S00_AXI_DATA_WIDTH bound to: 32 - type: integer 
	Parameter C_S00_AXI_ADDR_WIDTH bound to: 4 - type: integer 
INFO: [Synth 8-3491] module 'myip_v1_0' declared at 's:/ESDII-Lab4-main/blink/src/ipshared/d1f3/hdl/myip_v1_1.vhd:5' bound to instance 'U0' of component 'myip_v1_0' [s:/ESDII-Lab4-main/blink/src/ip/design_1_myip_v1_1_0_0/synth/design_1_myip_v1_1_0_0.vhd:152]
INFO: [Synth 8-638] synthesizing module 'myip_v1_0' [s:/ESDII-Lab4-main/blink/src/ipshared/d1f3/hdl/myip_v1_1.vhd:50]
	Parameter C_S00_AXI_DATA_WIDTH bound to: 32 - type: integer 
	Parameter C_S00_AXI_ADDR_WIDTH bound to: 4 - type: integer 
	Parameter C_S_AXI_DATA_WIDTH bound to: 32 - type: integer 
	Parameter C_S_AXI_ADDR_WIDTH bound to: 4 - type: integer 
INFO: [Synth 8-3491] module 'myip_v1_0_S00_AXI' declared at 's:/ESDII-Lab4-main/blink/src/ipshared/d1f3/hdl/myip_v1_1_S00_AXI.vhd:5' bound to instance 'myip_v1_0_S00_AXI_inst' of component 'myip_v1_0_S00_AXI' [s:/ESDII-Lab4-main/blink/src/ipshared/d1f3/hdl/myip_v1_1.vhd:88]
INFO: [Synth 8-638] synthesizing module 'myip_v1_0_S00_AXI' [s:/ESDII-Lab4-main/blink/src/ipshared/d1f3/hdl/myip_v1_1_S00_AXI.vhd:87]
	Parameter C_S_AXI_DATA_WIDTH bound to: 32 - type: integer 
	Parameter C_S_AXI_ADDR_WIDTH bound to: 4 - type: integer 
INFO: [Synth 8-226] default block is never used [s:/ESDII-Lab4-main/blink/src/ipshared/d1f3/hdl/myip_v1_1_S00_AXI.vhd:225]
INFO: [Synth 8-226] default block is never used [s:/ESDII-Lab4-main/blink/src/ipshared/d1f3/hdl/myip_v1_1_S00_AXI.vhd:355]
WARNING: [Synth 8-6014] Unused sequential element loc_addr_reg was removed.  [s:/ESDII-Lab4-main/blink/src/ipshared/d1f3/hdl/myip_v1_1_S00_AXI.vhd:223]
INFO: [Synth 8-256] done synthesizing module 'myip_v1_0_S00_AXI' (1#1) [s:/ESDII-Lab4-main/blink/src/ipshared/d1f3/hdl/myip_v1_1_S00_AXI.vhd:87]
INFO: [Synth 8-256] done synthesizing module 'myip_v1_0' (2#1) [s:/ESDII-Lab4-main/blink/src/ipshared/d1f3/hdl/myip_v1_1.vhd:50]
INFO: [Synth 8-256] done synthesizing module 'design_1_myip_v1_1_0_0' (3#1) [s:/ESDII-Lab4-main/blink/src/ip/design_1_myip_v1_1_0_0/synth/design_1_myip_v1_1_0_0.vhd:84]
WARNING: [Synth 8-3331] design myip_v1_0_S00_AXI has unconnected port S_AXI_AWPROT[2]
WARNING: [Synth 8-3331] design myip_v1_0_S00_AXI has unconnected port S_AXI_AWPROT[1]
WARNING: [Synth 8-3331] design myip_v1_0_S00_AXI has unconnected port S_AXI_AWPROT[0]
WARNING: [Synth 8-3331] design myip_v1_0_S00_AXI has unconnected port S_AXI_ARPROT[2]
WARNING: [Synth 8-3331] design myip_v1_0_S00_AXI has unconnected port S_AXI_ARPROT[1]
WARNING: [Synth 8-3331] design myip_v1_0_S00_AXI has unconnected port S_AXI_ARPROT[0]
---------------------------------------------------------------------------------
Finished RTL Elaboration : Time (s): cpu = 00:00:03 ; elapsed = 00:00:04 . Memory (MB): peak = 903.617 ; gain = 246.699
---------------------------------------------------------------------------------

Report Check Netlist: 
+------+------------------+-------+---------+-------+------------------+
|      |Item              |Errors |Warnings |Status |Description       |
+------+------------------+-------+---------+-------+------------------+
|1     |multi_driven_nets |      0|        0|Passed |Multi driven nets |
+------+------------------+-------+---------+-------+------------------+
---------------------------------------------------------------------------------
Start Handling Custom Attributes
---------------------------------------------------------------------------------
---------------------------------------------------------------------------------
Finished Handling Custom Attributes : Time (s): cpu = 00:00:03 ; elapsed = 00:00:04 . Memory (MB): peak = 903.617 ; gain = 246.699
---------------------------------------------------------------------------------
---------------------------------------------------------------------------------
Finished RTL Optimization Phase 1 : Time (s): cpu = 00:00:03 ; elapsed = 00:00:04 . Memory (MB): peak = 903.617 ; gain = 246.699
---------------------------------------------------------------------------------
INFO: [Project 1-570] Preparing netlist for logic optimization

Processing XDC Constraints
Initializing timing engine
Completed Processing XDC Constraints

Netlist sorting complete. Time (s): cpu = 00:00:00 ; elapsed = 00:00:00 . Memory (MB): peak = 1009.895 ; gain = 0.000
INFO: [Project 1-111] Unisim Transformation Summary:
No Unisim elements were transformed.

WARNING: [Constraints 18-5210] No constraints selected for write.
Resolution: This message can indicate that there are no constraints for the design, or it can indicate that the used_in flags are set such that the constraints are ignored. This later case is used when running synth_design to not write synthesis constraints to the resulting checkpoint. Instead, project constraints are read when the synthesized design is opened.
Constraint Validation Runtime : Time (s): cpu = 00:00:00 ; elapsed = 00:00:00.057 . Memory (MB): peak = 1011.887 ; gain = 1.992
---------------------------------------------------------------------------------
Finished Constraint Validation : Time (s): cpu = 00:00:07 ; elapsed = 00:00:09 . Memory (MB): peak = 1011.887 ; gain = 354.969
---------------------------------------------------------------------------------
---------------------------------------------------------------------------------
Start Loading Part and Timing Information
---------------------------------------------------------------------------------
Loading part: xc7z020clg400-3
---------------------------------------------------------------------------------
Finished Loading Part and Timing Information : Time (s): cpu = 00:00:07 ; elapsed = 00:00:09 . Memory (MB): peak = 1011.887 ; gain = 354.969
---------------------------------------------------------------------------------
---------------------------------------------------------------------------------
Start Applying 'set_property' XDC Constraints
---------------------------------------------------------------------------------
---------------------------------------------------------------------------------
Finished applying 'set_property' XDC Constraints : Time (s): cpu = 00:00:07 ; elapsed = 00:00:09 . Memory (MB): peak = 1011.887 ; gain = 354.969
---------------------------------------------------------------------------------
---------------------------------------------------------------------------------
Finished RTL Optimization Phase 2 : Time (s): cpu = 00:00:08 ; elapsed = 00:00:10 . Memory (MB): peak = 1011.887 ; gain = 354.969
---------------------------------------------------------------------------------

Report RTL Partitions: 
+-+--------------+------------+----------+
| |RTL Partition |Replication |Instances |
+-+--------------+------------+----------+
+-+--------------+------------+----------+
---------------------------------------------------------------------------------
Start RTL Component Statistics 
---------------------------------------------------------------------------------
Detailed RTL Component Info : 
+---Registers : 
	               32 Bit    Registers := 4     
	                4 Bit    Registers := 2     
	                2 Bit    Registers := 2     
	                1 Bit    Registers := 6     
+---Muxes : 
	   2 Input     32 Bit        Muxes := 3     
	   4 Input     32 Bit        Muxes := 4     
	   2 Input      1 Bit        Muxes := 5     
---------------------------------------------------------------------------------
Finished RTL Component Statistics 
---------------------------------------------------------------------------------
---------------------------------------------------------------------------------
Start RTL Hierarchical Component Statistics 
---------------------------------------------------------------------------------
Hierarchical RTL Component report 
Module myip_v1_0_S00_AXI 
Detailed RTL Component Info : 
+---Registers : 
	               32 Bit    Registers := 4     
	                4 Bit    Registers := 2     
	                2 Bit    Registers := 2     
	                1 Bit    Registers := 6     
+---Muxes : 
	   2 Input     32 Bit        Muxes := 3     
	   4 Input     32 Bit        Muxes := 4     
	   2 Input      1 Bit        Muxes := 5     
---------------------------------------------------------------------------------
Finished RTL Hierarchical Component Statistics
---------------------------------------------------------------------------------
---------------------------------------------------------------------------------
Start Part Resource Summary
---------------------------------------------------------------------------------
Part Resources:
DSPs: 220 (col length:60)
BRAMs: 280 (col length: RAMB18 60 RAMB36 30)
---------------------------------------------------------------------------------
Finished Part Resource Summary
---------------------------------------------------------------------------------
---------------------------------------------------------------------------------
Start Cross Boundary and Area Optimization
---------------------------------------------------------------------------------
Warning: Parallel synthesis criteria is not met 
WARNING: [Synth 8-3331] design design_1_myip_v1_1_0_0 has unconnected port s00_axi_awprot[2]
WARNING: [Synth 8-3331] design design_1_myip_v1_1_0_0 has unconnected port s00_axi_awprot[1]
WARNING: [Synth 8-3331] design design_1_myip_v1_1_0_0 has unconnected port s00_axi_awprot[0]
WARNING: [Synth 8-3331] design design_1_myip_v1_1_0_0 has unconnected port s00_axi_arprot[2]
WARNING: [Synth 8-3331] design design_1_myip_v1_1_0_0 has unconnected port s00_axi_arprot[1]
WARNING: [Synth 8-3331] design design_1_myip_v1_1_0_0 has unconnected port s00_axi_arprot[0]
INFO: [Synth 8-3886] merging instance 'U0/myip_v1_0_S00_AXI_inst/axi_rresp_reg[0]' (FDRE) to 'U0/myip_v1_0_S00_AXI_inst/axi_rresp_reg[1]'
INFO: [Synth 8-3333] propagating constant 0 across sequential element (\U0/myip_v1_0_S00_AXI_inst/axi_rresp_reg[1] )
INFO: [Synth 8-3886] merging instance 'U0/myip_v1_0_S00_AXI_inst/axi_bresp_reg[0]' (FDRE) to 'U0/myip_v1_0_S00_AXI_inst/axi_bresp_reg[1]'
INFO: [Synth 8-3333] propagating constant 0 across sequential element (\U0/myip_v1_0_S00_AXI_inst/axi_bresp_reg[1] )
---------------------------------------------------------------------------------
Finished Cross Boundary and Area Optimization : Time (s): cpu = 00:00:08 ; elapsed = 00:00:11 . Memory (MB): peak = 1011.887 ; gain = 354.969
---------------------------------------------------------------------------------

Report RTL Partitions: 
+-+--------------+------------+----------+
| |RTL Partition |Replication |Instances |
+-+--------------+------------+----------+
+-+--------------+------------+----------+
---------------------------------------------------------------------------------
Start Applying XDC Timing Constraints
---------------------------------------------------------------------------------
---------------------------------------------------------------------------------
Finished Applying XDC Timing Constraints : Time (s): cpu = 00:00:14 ; elapsed = 00:00:17 . Memory (MB): peak = 1011.887 ; gain = 354.969
---------------------------------------------------------------------------------
---------------------------------------------------------------------------------
Start Timing Optimization
---------------------------------------------------------------------------------
---------------------------------------------------------------------------------
Finished Timing Optimization : Time (s): cpu = 00:00:14 ; elapsed = 00:00:17 . Memory (MB): peak = 1011.887 ; gain = 354.969
---------------------------------------------------------------------------------

Report RTL Partitions: 
+-+--------------+------------+----------+
| |RTL Partition |Replication |Instances |
+-+--------------+------------+----------+
+-+--------------+------------+----------+
---------------------------------------------------------------------------------
Start Technology Mapping
---------------------------------------------------------------------------------
---------------------------------------------------------------------------------
Finished Technology Mapping : Time (s): cpu = 00:00:14 ; elapsed = 00:00:17 . Memory (MB): peak = 1011.887 ; gain = 354.969
---------------------------------------------------------------------------------

Report RTL Partitions: 
+-+--------------+------------+----------+
| |RTL Partition |Replication |Instances |
+-+--------------+------------+----------+
+-+--------------+------------+----------+
---------------------------------------------------------------------------------
Start IO Insertion
---------------------------------------------------------------------------------
---------------------------------------------------------------------------------
Start Flattening Before IO Insertion
---------------------------------------------------------------------------------
---------------------------------------------------------------------------------
Finished Flattening Before IO Insertion
---------------------------------------------------------------------------------
---------------------------------------------------------------------------------
Start Final Netlist Cleanup
---------------------------------------------------------------------------------
---------------------------------------------------------------------------------
Finished Final Netlist Cleanup
---------------------------------------------------------------------------------
---------------------------------------------------------------------------------
Finished IO Insertion : Time (s): cpu = 00:00:15 ; elapsed = 00:00:18 . Memory (MB): peak = 1020.477 ; gain = 363.559
---------------------------------------------------------------------------------

Report Check Netlist: 
+------+------------------+-------+---------+-------+------------------+
|      |Item              |Errors |Warnings |Status |Description       |
+------+------------------+-------+---------+-------+------------------+
|1     |multi_driven_nets |      0|        0|Passed |Multi driven nets |
+------+------------------+-------+---------+-------+------------------+
---------------------------------------------------------------------------------
Start Renaming Generated Instances
---------------------------------------------------------------------------------
---------------------------------------------------------------------------------
Finished Renaming Generated Instances : Time (s): cpu = 00:00:15 ; elapsed = 00:00:18 . Memory (MB): peak = 1020.477 ; gain = 363.559
---------------------------------------------------------------------------------

Report RTL Partitions: 
+-+--------------+------------+----------+
| |RTL Partition |Replication |Instances |
+-+--------------+------------+----------+
+-+--------------+------------+----------+
---------------------------------------------------------------------------------
Start Rebuilding User Hierarchy
---------------------------------------------------------------------------------
---------------------------------------------------------------------------------
Finished Rebuilding User Hierarchy : Time (s): cpu = 00:00:15 ; elapsed = 00:00:18 . Memory (MB): peak = 1020.477 ; gain = 363.559
---------------------------------------------------------------------------------
---------------------------------------------------------------------------------
Start Renaming Generated Ports
---------------------------------------------------------------------------------
---------------------------------------------------------------------------------
Finished Renaming Generated Ports : Time (s): cpu = 00:00:15 ; elapsed = 00:00:18 . Memory (MB): peak = 1020.477 ; gain = 363.559
---------------------------------------------------------------------------------
---------------------------------------------------------------------------------
Start Handling Custom Attributes
---------------------------------------------------------------------------------
---------------------------------------------------------------------------------
Finished Handling Custom Attributes : Time (s): cpu = 00:00:15 ; elapsed = 00:00:19 . Memory (MB): peak = 1020.477 ; gain = 363.559
---------------------------------------------------------------------------------
---------------------------------------------------------------------------------
Start Renaming Generated Nets
---------------------------------------------------------------------------------
---------------------------------------------------------------------------------
Finished Renaming Generated Nets : Time (s): cpu = 00:00:15 ; elapsed = 00:00:19 . Memory (MB): peak = 1020.477 ; gain = 363.559
---------------------------------------------------------------------------------
---------------------------------------------------------------------------------
Start Writing Synthesis Report
---------------------------------------------------------------------------------

Report BlackBoxes: 
+-+--------------+----------+
| |BlackBox name |Instances |
+-+--------------+----------+
+-+--------------+----------+

Report Cell Usage: 
+------+-----+------+
|      |Cell |Count |
+------+-----+------+
|1     |LUT1 |     1|
|2     |LUT2 |     1|
|3     |LUT3 |     1|
|4     |LUT4 |    18|
|5     |LUT5 |    31|
|6     |LUT6 |     5|
|7     |FDRE |   135|
|8     |FDSE |     3|
+------+-----+------+

Report Instance Areas: 
+------+---------------------------+------------------+------+
|      |Instance                   |Module            |Cells |
+------+---------------------------+------------------+------+
|1     |top                        |                  |   195|
|2     |  U0                       |myip_v1_0         |   195|
|3     |    myip_v1_0_S00_AXI_inst |myip_v1_0_S00_AXI |   195|
+------+---------------------------+------------------+------+
---------------------------------------------------------------------------------
Finished Writing Synthesis Report : Time (s): cpu = 00:00:15 ; elapsed = 00:00:19 . Memory (MB): peak = 1020.477 ; gain = 363.559
---------------------------------------------------------------------------------
Synthesis finished with 0 errors, 0 critical warnings and 6 warnings.
Synthesis Optimization Runtime : Time (s): cpu = 00:00:11 ; elapsed = 00:00:17 . Memory (MB): peak = 1020.477 ; gain = 255.289
Synthesis Optimization Complete : Time (s): cpu = 00:00:16 ; elapsed = 00:00:19 . Memory (MB): peak = 1020.477 ; gain = 363.559
INFO: [Project 1-571] Translating synthesized netlist
INFO: [Project 1-570] Preparing netlist for logic optimization
INFO: [Opt 31-138] Pushed 0 inverter(s) to 0 load pin(s).
Netlist sorting complete. Time (s): cpu = 00:00:00 ; elapsed = 00:00:00 . Memory (MB): peak = 1039.051 ; gain = 0.000
INFO: [Project 1-111] Unisim Transformation Summary:
No Unisim elements were transformed.

INFO: [Common 17-83] Releasing license: Synthesis
26 Infos, 14 Warnings, 0 Critical Warnings and 0 Errors encountered.
synth_design completed successfully
synth_design: Time (s): cpu = 00:00:20 ; elapsed = 00:00:26 . Memory (MB): peak = 1039.051 ; gain = 648.344
Netlist sorting complete. Time (s): cpu = 00:00:00 ; elapsed = 00:00:00.001 . Memory (MB): peak = 1039.051 ; gain = 0.000
WARNING: [Constraints 18-5210] No constraints selected for write.
Resolution: This message can indicate that there are no constraints for the design, or it can indicate that the used_in flags are set such that the constraints are ignored. This later case is used when running synth_design to not write synthesis constraints to the resulting checkpoint. Instead, project constraints are read when the synthesized design is opened.
INFO: [Common 17-1381] The checkpoint 'S:/ESDII-Lab4-main/blink/project/blink.runs/design_1_myip_v1_1_0_0_synth_1/design_1_myip_v1_1_0_0.dcp' has been generated.
WARNING: [Common 17-576] 'use_project_ipc' is deprecated. This option is deprecated and no longer used.
INFO: [Coretcl 2-1648] Added synthesis output to IP cache for IP design_1_myip_v1_1_0_0, cache-ID = d758cc1e2bf93516
INFO: [Coretcl 2-1174] Renamed 2 cell refs.
Netlist sorting complete. Time (s): cpu = 00:00:00 ; elapsed = 00:00:00 . Memory (MB): peak = 1039.051 ; gain = 0.000
WARNING: [Constraints 18-5210] No constraints selected for write.
Resolution: This message can indicate that there are no constraints for the design, or it can indicate that the used_in flags are set such that the constraints are ignored. This later case is used when running synth_design to not write synthesis constraints to the resulting checkpoint. Instead, project constraints are read when the synthesized design is opened.
INFO: [Common 17-1381] The checkpoint 'S:/ESDII-Lab4-main/blink/project/blink.runs/design_1_myip_v1_1_0_0_synth_1/design_1_myip_v1_1_0_0.dcp' has been generated.
INFO: [runtcl-4] Executing : report_utilization -file design_1_myip_v1_1_0_0_utilization_synth.rpt -pb design_1_myip_v1_1_0_0_utilization_synth.pb
INFO: [Common 17-206] Exiting Vivado at Tue Mar 15 21:37:23 2022...
