
*** Running vivado
    with args -log design_1_wrapper.vdi -applog -m64 -product Vivado -messageDb vivado.pb -mode batch -source design_1_wrapper.tcl -notrace


****** Vivado v2019.1 (64-bit)
  **** SW Build 2552052 on Fri May 24 14:49:42 MDT 2019
  **** IP Build 2548770 on Fri May 24 18:01:18 MDT 2019
    ** Copyright 1986-2019 Xilinx, Inc. All Rights Reserved.

source design_1_wrapper.tcl -notrace
INFO: [IP_Flow 19-234] Refreshing IP repositories
INFO: [IP_Flow 19-1700] Loaded user IP repository 'c:/GitHub/ESDII-Lab4/blink/ip'.
INFO: [IP_Flow 19-2313] Loaded Vivado IP repository 'C:/Xilinx/Vivado/2019.1/data/ip'.
Command: link_design -top design_1_wrapper -part xc7z020clg400-3
Design is defaulting to srcset: sources_1
Design is defaulting to constrset: constrs_1
INFO: [Device 21-403] Loading part xc7z020clg400-3
INFO: [Project 1-454] Reading design checkpoint 'c:/GitHub/ESDII-Lab4/blink/src/ip/design_1_blink_0_0/design_1_blink_0_0.dcp' for cell 'design_1_i/blink_0'
INFO: [Project 1-454] Reading design checkpoint 'c:/GitHub/ESDII-Lab4/blink/src/ip/design_1_myip_0_0/design_1_myip_0_0.dcp' for cell 'design_1_i/myip_0'
INFO: [Project 1-454] Reading design checkpoint 'c:/GitHub/ESDII-Lab4/blink/src/ip/design_1_processing_system7_0_0/design_1_processing_system7_0_0.dcp' for cell 'design_1_i/processing_system7_0'
INFO: [Project 1-454] Reading design checkpoint 'c:/GitHub/ESDII-Lab4/blink/src/ip/design_1_rst_ps7_0_50M_0/design_1_rst_ps7_0_50M_0.dcp' for cell 'design_1_i/rst_ps7_0_50M'
INFO: [Project 1-454] Reading design checkpoint 'c:/GitHub/ESDII-Lab4/blink/src/ip/design_1_auto_pc_0/design_1_auto_pc_0.dcp' for cell 'design_1_i/ps7_0_axi_periph/s00_couplers/auto_pc'
INFO: [Netlist 29-17] Analyzing 25 Unisim elements for replacement
INFO: [Netlist 29-28] Unisim Transformation completed in 0 CPU seconds
INFO: [Project 1-479] Netlist was created with Vivado 2019.1
INFO: [Project 1-570] Preparing netlist for logic optimization
Parsing XDC File [c:/GitHub/ESDII-Lab4/blink/src/ip/design_1_processing_system7_0_0/design_1_processing_system7_0_0.xdc] for cell 'design_1_i/processing_system7_0/inst'
Finished Parsing XDC File [c:/GitHub/ESDII-Lab4/blink/src/ip/design_1_processing_system7_0_0/design_1_processing_system7_0_0.xdc] for cell 'design_1_i/processing_system7_0/inst'
Parsing XDC File [c:/GitHub/ESDII-Lab4/blink/src/ip/design_1_rst_ps7_0_50M_0/design_1_rst_ps7_0_50M_0_board.xdc] for cell 'design_1_i/rst_ps7_0_50M/U0'
Finished Parsing XDC File [c:/GitHub/ESDII-Lab4/blink/src/ip/design_1_rst_ps7_0_50M_0/design_1_rst_ps7_0_50M_0_board.xdc] for cell 'design_1_i/rst_ps7_0_50M/U0'
Parsing XDC File [c:/GitHub/ESDII-Lab4/blink/src/ip/design_1_rst_ps7_0_50M_0/design_1_rst_ps7_0_50M_0.xdc] for cell 'design_1_i/rst_ps7_0_50M/U0'
Finished Parsing XDC File [c:/GitHub/ESDII-Lab4/blink/src/ip/design_1_rst_ps7_0_50M_0/design_1_rst_ps7_0_50M_0.xdc] for cell 'design_1_i/rst_ps7_0_50M/U0'
Parsing XDC File [C:/GitHub/ESDII-Lab4/blink/src/constraints.xdc]
Finished Parsing XDC File [C:/GitHub/ESDII-Lab4/blink/src/constraints.xdc]
INFO: [Opt 31-138] Pushed 0 inverter(s) to 0 load pin(s).
Netlist sorting complete. Time (s): cpu = 00:00:00 ; elapsed = 00:00:00.003 . Memory (MB): peak = 709.625 ; gain = 0.000
INFO: [Project 1-111] Unisim Transformation Summary:
No Unisim elements were transformed.

15 Infos, 0 Warnings, 0 Critical Warnings and 0 Errors encountered.
link_design completed successfully
link_design: Time (s): cpu = 00:00:40 ; elapsed = 00:00:50 . Memory (MB): peak = 709.625 ; gain = 416.410
Command: place_design
Attempting to get a license for feature 'Implementation' and/or device 'xc7z020'
INFO: [Common 17-349] Got license for feature 'Implementation' and/or device 'xc7z020'
INFO: [DRC 23-27] Running DRC with 2 threads
INFO: [Vivado_Tcl 4-198] DRC finished with 0 Errors
INFO: [Vivado_Tcl 4-199] Please refer to the DRC report (report_drc) for more information.
Running DRC as a precondition to command place_design
INFO: [DRC 23-27] Running DRC with 2 threads
INFO: [Vivado_Tcl 4-198] DRC finished with 0 Errors
INFO: [Vivado_Tcl 4-199] Please refer to the DRC report (report_drc) for more information.

Starting Placer Task
INFO: [Place 30-611] Multithreading enabled for place_design using a maximum of 2 CPUs

Phase 1 Placer Initialization

Phase 1.1 Placer Initialization Netlist Sorting
Netlist sorting complete. Time (s): cpu = 00:00:00 ; elapsed = 00:00:00.003 . Memory (MB): peak = 737.652 ; gain = 0.000
Phase 1.1 Placer Initialization Netlist Sorting | Checksum: ef2a1866

Time (s): cpu = 00:00:00 ; elapsed = 00:00:00.231 . Memory (MB): peak = 737.652 ; gain = 0.000
INFO: [Timing 38-35] Done setting XDC timing constraints.
INFO: [Opt 31-138] Pushed 0 inverter(s) to 0 load pin(s).
Netlist sorting complete. Time (s): cpu = 00:00:00 ; elapsed = 00:00:00.005 . Memory (MB): peak = 1257.805 ; gain = 0.000

Phase 1.2 IO Placement/ Clock Placement/ Build Placer Device
INFO: [Timing 38-35] Done setting XDC timing constraints.
Phase 1.2 IO Placement/ Clock Placement/ Build Placer Device | Checksum: d315ebdf

Time (s): cpu = 00:00:55 ; elapsed = 00:00:59 . Memory (MB): peak = 1262.812 ; gain = 525.160

Phase 1.3 Build Placer Netlist Model
Phase 1.3 Build Placer Netlist Model | Checksum: dd5b1cda

Time (s): cpu = 00:00:57 ; elapsed = 00:01:00 . Memory (MB): peak = 1262.812 ; gain = 525.160

Phase 1.4 Constrain Clocks/Macros
Phase 1.4 Constrain Clocks/Macros | Checksum: dd5b1cda

Time (s): cpu = 00:00:57 ; elapsed = 00:01:01 . Memory (MB): peak = 1262.812 ; gain = 525.160
Phase 1 Placer Initialization | Checksum: dd5b1cda

Time (s): cpu = 00:00:57 ; elapsed = 00:01:01 . Memory (MB): peak = 1262.812 ; gain = 525.160

Phase 2 Global Placement

Phase 2.1 Floorplanning
Phase 2.1 Floorplanning | Checksum: bd64db68

Time (s): cpu = 00:00:58 ; elapsed = 00:01:01 . Memory (MB): peak = 1262.812 ; gain = 525.160

Phase 2.2 Global Placement Core

Phase 2.2.1 Physical Synthesis In Placer
INFO: [Physopt 32-65] No nets found for high-fanout optimization.
INFO: [Physopt 32-232] Optimized 0 net. Created 0 new instance.
INFO: [Physopt 32-775] End 1 Pass. Optimized 0 net or cell. Created 0 new cell, deleted 0 existing cell and moved 0 existing cell
INFO: [Physopt 32-670] No setup violation found.  DSP Register Optimization was not performed.
INFO: [Physopt 32-670] No setup violation found.  Shift Register Optimization was not performed.
INFO: [Physopt 32-670] No setup violation found.  BRAM Register Optimization was not performed.
INFO: [Physopt 32-949] No candidate nets found for HD net replication
INFO: [Physopt 32-775] End 1 Pass. Optimized 0 net or cell. Created 0 new cell, deleted 0 existing cell and moved 0 existing cell
Netlist sorting complete. Time (s): cpu = 00:00:00 ; elapsed = 00:00:00.002 . Memory (MB): peak = 1262.812 ; gain = 0.000

Summary of Physical Synthesis Optimizations
============================================


----------------------------------------------------------------------------------------------------------------------------------------
|  Optimization                  |  Added Cells  |  Removed Cells  |  Optimized Cells/Nets  |  Dont Touch  |  Iterations  |  Elapsed   |
----------------------------------------------------------------------------------------------------------------------------------------
|  Very High Fanout              |            0  |              0  |                     0  |           0  |           1  |  00:00:00  |
|  DSP Register                  |            0  |              0  |                     0  |           0  |           0  |  00:00:00  |
|  Shift Register                |            0  |              0  |                     0  |           0  |           0  |  00:00:00  |
|  BRAM Register                 |            0  |              0  |                     0  |           0  |           0  |  00:00:00  |
|  HD Interface Net Replication  |            0  |              0  |                     0  |           0  |           1  |  00:00:00  |
|  Total                         |            0  |              0  |                     0  |           0  |           2  |  00:00:00  |
----------------------------------------------------------------------------------------------------------------------------------------


Phase 2.2.1 Physical Synthesis In Placer | Checksum: de5aad1c

Time (s): cpu = 00:01:12 ; elapsed = 00:01:08 . Memory (MB): peak = 1262.812 ; gain = 525.160
Phase 2.2 Global Placement Core | Checksum: 11b4bc672

Time (s): cpu = 00:01:12 ; elapsed = 00:01:09 . Memory (MB): peak = 1262.812 ; gain = 525.160
Phase 2 Global Placement | Checksum: 11b4bc672

Time (s): cpu = 00:01:12 ; elapsed = 00:01:09 . Memory (MB): peak = 1262.812 ; gain = 525.160

Phase 3 Detail Placement

Phase 3.1 Commit Multi Column Macros
Phase 3.1 Commit Multi Column Macros | Checksum: cb7e7d05

Time (s): cpu = 00:01:13 ; elapsed = 00:01:10 . Memory (MB): peak = 1262.812 ; gain = 525.160

Phase 3.2 Commit Most Macros & LUTRAMs
Phase 3.2 Commit Most Macros & LUTRAMs | Checksum: 12e2d6425

Time (s): cpu = 00:01:15 ; elapsed = 00:01:11 . Memory (MB): peak = 1262.812 ; gain = 525.160

Phase 3.3 Area Swap Optimization
Phase 3.3 Area Swap Optimization | Checksum: 111874b78

Time (s): cpu = 00:01:15 ; elapsed = 00:01:11 . Memory (MB): peak = 1262.812 ; gain = 525.160

Phase 3.4 Pipeline Register Optimization
Phase 3.4 Pipeline Register Optimization | Checksum: f9a116ec

Time (s): cpu = 00:01:15 ; elapsed = 00:01:11 . Memory (MB): peak = 1262.812 ; gain = 525.160

Phase 3.5 Small Shape Detail Placement
Phase 3.5 Small Shape Detail Placement | Checksum: 1ec6a6f6c

Time (s): cpu = 00:01:18 ; elapsed = 00:01:14 . Memory (MB): peak = 1262.812 ; gain = 525.160

Phase 3.6 Re-assign LUT pins
Phase 3.6 Re-assign LUT pins | Checksum: 1daaf0e02

Time (s): cpu = 00:01:19 ; elapsed = 00:01:15 . Memory (MB): peak = 1262.812 ; gain = 525.160

Phase 3.7 Pipeline Register Optimization
Phase 3.7 Pipeline Register Optimization | Checksum: 1c038e06e

Time (s): cpu = 00:01:19 ; elapsed = 00:01:15 . Memory (MB): peak = 1262.812 ; gain = 525.160
Phase 3 Detail Placement | Checksum: 1c038e06e

Time (s): cpu = 00:01:19 ; elapsed = 00:01:15 . Memory (MB): peak = 1262.812 ; gain = 525.160

Phase 4 Post Placement Optimization and Clean-Up

Phase 4.1 Post Commit Optimization
INFO: [Timing 38-35] Done setting XDC timing constraints.

Phase 4.1.1 Post Placement Optimization
Post Placement Optimization Initialization | Checksum: 1b72aad24

Phase 4.1.1.1 BUFG Insertion
INFO: [Place 46-56] BUFG insertion identified 0 candidate nets. Inserted BUFG: 0, Replicated BUFG Driver: 0, Skipped due to Placement/Routing Conflicts: 0, Skipped due to Timing Degradation: 0, Skipped due to Illegal Netlist: 0.
Phase 4.1.1.1 BUFG Insertion | Checksum: 1b72aad24

Time (s): cpu = 00:01:21 ; elapsed = 00:01:16 . Memory (MB): peak = 1262.812 ; gain = 525.160
INFO: [Place 30-746] Post Placement Timing Summary WNS=15.153. For the most accurate timing information please run report_timing.
Phase 4.1.1 Post Placement Optimization | Checksum: 17c7e785c

Time (s): cpu = 00:01:21 ; elapsed = 00:01:16 . Memory (MB): peak = 1262.812 ; gain = 525.160
Phase 4.1 Post Commit Optimization | Checksum: 17c7e785c

Time (s): cpu = 00:01:21 ; elapsed = 00:01:16 . Memory (MB): peak = 1262.812 ; gain = 525.160

Phase 4.2 Post Placement Cleanup
Phase 4.2 Post Placement Cleanup | Checksum: 17c7e785c

Time (s): cpu = 00:01:21 ; elapsed = 00:01:16 . Memory (MB): peak = 1262.812 ; gain = 525.160

Phase 4.3 Placer Reporting
Phase 4.3 Placer Reporting | Checksum: 17c7e785c

Time (s): cpu = 00:01:21 ; elapsed = 00:01:16 . Memory (MB): peak = 1262.812 ; gain = 525.160

Phase 4.4 Final Placement Cleanup
Netlist sorting complete. Time (s): cpu = 00:00:00 ; elapsed = 00:00:00.007 . Memory (MB): peak = 1262.812 ; gain = 0.000
Phase 4.4 Final Placement Cleanup | Checksum: 12d1a88ee

Time (s): cpu = 00:01:21 ; elapsed = 00:01:17 . Memory (MB): peak = 1262.812 ; gain = 525.160
Phase 4 Post Placement Optimization and Clean-Up | Checksum: 12d1a88ee

Time (s): cpu = 00:01:21 ; elapsed = 00:01:17 . Memory (MB): peak = 1262.812 ; gain = 525.160
Ending Placer Task | Checksum: c86a1e68

Time (s): cpu = 00:01:21 ; elapsed = 00:01:17 . Memory (MB): peak = 1262.812 ; gain = 525.160
INFO: [Common 17-83] Releasing license: Implementation
38 Infos, 0 Warnings, 0 Critical Warnings and 0 Errors encountered.
place_design completed successfully
place_design: Time (s): cpu = 00:01:30 ; elapsed = 00:01:22 . Memory (MB): peak = 1262.812 ; gain = 553.188
Netlist sorting complete. Time (s): cpu = 00:00:00 ; elapsed = 00:00:00.004 . Memory (MB): peak = 1262.812 ; gain = 0.000
INFO: [Timing 38-480] Writing timing data to binary archive.
Writing placer database...
Writing XDEF routing.
Writing XDEF routing logical nets.
Writing XDEF routing special nets.
Write XDEF Complete: Time (s): cpu = 00:00:03 ; elapsed = 00:00:00.707 . Memory (MB): peak = 1262.812 ; gain = 0.000
INFO: [Common 17-1381] The checkpoint 'C:/GitHub/ESDII-Lab4/blink/project/blink.runs/impl_1/design_1_wrapper_placed.dcp' has been generated.
INFO: [runtcl-4] Executing : report_io -file design_1_wrapper_io_placed.rpt
report_io: Time (s): cpu = 00:00:00 ; elapsed = 00:00:00.462 . Memory (MB): peak = 1262.812 ; gain = 0.000
INFO: [runtcl-4] Executing : report_utilization -file design_1_wrapper_utilization_placed.rpt -pb design_1_wrapper_utilization_placed.pb
INFO: [runtcl-4] Executing : report_control_sets -verbose -file design_1_wrapper_control_sets_placed.rpt
report_control_sets: Time (s): cpu = 00:00:00 ; elapsed = 00:00:00.232 . Memory (MB): peak = 1262.812 ; gain = 0.000
Command: route_design
Attempting to get a license for feature 'Implementation' and/or device 'xc7z020'
INFO: [Common 17-349] Got license for feature 'Implementation' and/or device 'xc7z020'
Running DRC as a precondition to command route_design
INFO: [DRC 23-27] Running DRC with 2 threads
INFO: [Vivado_Tcl 4-198] DRC finished with 0 Errors
INFO: [Vivado_Tcl 4-199] Please refer to the DRC report (report_drc) for more information.


Starting Routing Task
INFO: [Route 35-254] Multithreading enabled for route_design using a maximum of 2 CPUs
Checksum: PlaceDB: 8ed2cdea ConstDB: 0 ShapeSum: 3997507e RouteDB: 0

Phase 1 Build RT Design
Phase 1 Build RT Design | Checksum: 3321d2d8

Time (s): cpu = 00:02:52 ; elapsed = 00:02:40 . Memory (MB): peak = 1394.324 ; gain = 116.961
Post Restoration Checksum: NetGraph: baf41e1 NumContArr: 277290f7 Constraints: 0 Timing: 0

Phase 2 Router Initialization

Phase 2.1 Create Timer
Phase 2.1 Create Timer | Checksum: 3321d2d8

Time (s): cpu = 00:02:52 ; elapsed = 00:02:41 . Memory (MB): peak = 1418.578 ; gain = 141.215

Phase 2.2 Fix Topology Constraints
Phase 2.2 Fix Topology Constraints | Checksum: 3321d2d8

Time (s): cpu = 00:02:52 ; elapsed = 00:02:41 . Memory (MB): peak = 1425.738 ; gain = 148.375

Phase 2.3 Pre Route Cleanup
Phase 2.3 Pre Route Cleanup | Checksum: 3321d2d8

Time (s): cpu = 00:02:52 ; elapsed = 00:02:41 . Memory (MB): peak = 1425.738 ; gain = 148.375
 Number of Nodes with overlaps = 0

Phase 2.4 Update Timing
Phase 2.4 Update Timing | Checksum: 11830aa2b

Time (s): cpu = 00:02:57 ; elapsed = 00:02:44 . Memory (MB): peak = 1447.988 ; gain = 170.625
INFO: [Route 35-416] Intermediate Timing Summary | WNS=15.210 | TNS=0.000  | WHS=-0.228 | THS=-37.019|

Phase 2 Router Initialization | Checksum: 135dac913

Time (s): cpu = 00:02:58 ; elapsed = 00:02:45 . Memory (MB): peak = 1447.988 ; gain = 170.625

Router Utilization Summary
  Global Vertical Routing Utilization    = 0 %
  Global Horizontal Routing Utilization  = 0 %
  Routable Net Status*
  *Does not include unroutable nets such as driverless and loadless.
  Run report_route_status for detailed report.
  Number of Failed Nets               = 1423
    (Failed Nets is the sum of unrouted and partially routed nets)
  Number of Unrouted Nets             = 1423
  Number of Partially Routed Nets     = 0
  Number of Node Overlaps             = 0


Phase 3 Initial Routing
Phase 3 Initial Routing | Checksum: 271a33d50

Time (s): cpu = 00:03:00 ; elapsed = 00:02:47 . Memory (MB): peak = 1447.988 ; gain = 170.625

Phase 4 Rip-up And Reroute

Phase 4.1 Global Iteration 0
 Number of Nodes with overlaps = 75
 Number of Nodes with overlaps = 0
INFO: [Route 35-416] Intermediate Timing Summary | WNS=14.472 | TNS=0.000  | WHS=N/A    | THS=N/A    |

Phase 4.1 Global Iteration 0 | Checksum: 172c87ca5

Time (s): cpu = 00:03:04 ; elapsed = 00:02:50 . Memory (MB): peak = 1447.988 ; gain = 170.625
Phase 4 Rip-up And Reroute | Checksum: 172c87ca5

Time (s): cpu = 00:03:04 ; elapsed = 00:02:50 . Memory (MB): peak = 1447.988 ; gain = 170.625

Phase 5 Delay and Skew Optimization

Phase 5.1 Delay CleanUp
Phase 5.1 Delay CleanUp | Checksum: 172c87ca5

Time (s): cpu = 00:03:04 ; elapsed = 00:02:50 . Memory (MB): peak = 1447.988 ; gain = 170.625

Phase 5.2 Clock Skew Optimization
Phase 5.2 Clock Skew Optimization | Checksum: 172c87ca5

Time (s): cpu = 00:03:04 ; elapsed = 00:02:50 . Memory (MB): peak = 1447.988 ; gain = 170.625
Phase 5 Delay and Skew Optimization | Checksum: 172c87ca5

Time (s): cpu = 00:03:04 ; elapsed = 00:02:50 . Memory (MB): peak = 1447.988 ; gain = 170.625

Phase 6 Post Hold Fix

Phase 6.1 Hold Fix Iter

Phase 6.1.1 Update Timing
Phase 6.1.1 Update Timing | Checksum: eef78091

Time (s): cpu = 00:03:05 ; elapsed = 00:02:50 . Memory (MB): peak = 1447.988 ; gain = 170.625
INFO: [Route 35-416] Intermediate Timing Summary | WNS=14.557 | TNS=0.000  | WHS=0.083  | THS=0.000  |

Phase 6.1 Hold Fix Iter | Checksum: eef78091

Time (s): cpu = 00:03:05 ; elapsed = 00:02:50 . Memory (MB): peak = 1447.988 ; gain = 170.625
Phase 6 Post Hold Fix | Checksum: eef78091

Time (s): cpu = 00:03:05 ; elapsed = 00:02:50 . Memory (MB): peak = 1447.988 ; gain = 170.625

Phase 7 Route finalize

Router Utilization Summary
  Global Vertical Routing Utilization    = 0.140209 %
  Global Horizontal Routing Utilization  = 0.200389 %
  Routable Net Status*
  *Does not include unroutable nets such as driverless and loadless.
  Run report_route_status for detailed report.
  Number of Failed Nets               = 0
    (Failed Nets is the sum of unrouted and partially routed nets)
  Number of Unrouted Nets             = 0
  Number of Partially Routed Nets     = 0
  Number of Node Overlaps             = 0

Phase 7 Route finalize | Checksum: 1173a8c19

Time (s): cpu = 00:03:05 ; elapsed = 00:02:50 . Memory (MB): peak = 1447.988 ; gain = 170.625

Phase 8 Verifying routed nets

 Verification completed successfully
Phase 8 Verifying routed nets | Checksum: 1173a8c19

Time (s): cpu = 00:03:05 ; elapsed = 00:02:50 . Memory (MB): peak = 1447.988 ; gain = 170.625

Phase 9 Depositing Routes
Phase 9 Depositing Routes | Checksum: 11c0fa662

Time (s): cpu = 00:03:06 ; elapsed = 00:02:51 . Memory (MB): peak = 1447.988 ; gain = 170.625

Phase 10 Post Router Timing
INFO: [Route 35-57] Estimated Timing Summary | WNS=14.557 | TNS=0.000  | WHS=0.083  | THS=0.000  |

INFO: [Route 35-327] The final timing numbers are based on the router estimated timing analysis. For a complete and accurate timing signoff, please run report_timing_summary.
Phase 10 Post Router Timing | Checksum: 11c0fa662

Time (s): cpu = 00:03:06 ; elapsed = 00:02:51 . Memory (MB): peak = 1447.988 ; gain = 170.625
INFO: [Route 35-16] Router Completed Successfully

Time (s): cpu = 00:03:06 ; elapsed = 00:02:51 . Memory (MB): peak = 1447.988 ; gain = 170.625

Routing Is Done.
INFO: [Common 17-83] Releasing license: Implementation
55 Infos, 0 Warnings, 0 Critical Warnings and 0 Errors encountered.
route_design completed successfully
route_design: Time (s): cpu = 00:03:21 ; elapsed = 00:03:00 . Memory (MB): peak = 1447.988 ; gain = 185.176
Netlist sorting complete. Time (s): cpu = 00:00:00 ; elapsed = 00:00:00.006 . Memory (MB): peak = 1447.988 ; gain = 0.000
INFO: [Timing 38-480] Writing timing data to binary archive.
Writing placer database...
Writing XDEF routing.
Writing XDEF routing logical nets.
Writing XDEF routing special nets.
Write XDEF Complete: Time (s): cpu = 00:00:04 ; elapsed = 00:00:01 . Memory (MB): peak = 1455.496 ; gain = 7.508
INFO: [Common 17-1381] The checkpoint 'C:/GitHub/ESDII-Lab4/blink/project/blink.runs/impl_1/design_1_wrapper_routed.dcp' has been generated.
write_checkpoint: Time (s): cpu = 00:00:07 ; elapsed = 00:00:06 . Memory (MB): peak = 1455.496 ; gain = 7.508
INFO: [runtcl-4] Executing : report_drc -file design_1_wrapper_drc_routed.rpt -pb design_1_wrapper_drc_routed.pb -rpx design_1_wrapper_drc_routed.rpx
Command: report_drc -file design_1_wrapper_drc_routed.rpt -pb design_1_wrapper_drc_routed.pb -rpx design_1_wrapper_drc_routed.rpx
INFO: [IP_Flow 19-1839] IP Catalog is up to date.
INFO: [DRC 23-27] Running DRC with 2 threads
INFO: [Coretcl 2-168] The results of DRC are in file C:/GitHub/ESDII-Lab4/blink/project/blink.runs/impl_1/design_1_wrapper_drc_routed.rpt.
report_drc completed successfully
report_drc: Time (s): cpu = 00:00:21 ; elapsed = 00:00:12 . Memory (MB): peak = 1474.648 ; gain = 19.152
INFO: [runtcl-4] Executing : report_methodology -file design_1_wrapper_methodology_drc_routed.rpt -pb design_1_wrapper_methodology_drc_routed.pb -rpx design_1_wrapper_methodology_drc_routed.rpx
Command: report_methodology -file design_1_wrapper_methodology_drc_routed.rpt -pb design_1_wrapper_methodology_drc_routed.pb -rpx design_1_wrapper_methodology_drc_routed.rpx
INFO: [Timing 38-35] Done setting XDC timing constraints.
INFO: [DRC 23-133] Running Methodology with 2 threads
INFO: [Coretcl 2-1520] The results of Report Methodology are in file C:/GitHub/ESDII-Lab4/blink/project/blink.runs/impl_1/design_1_wrapper_methodology_drc_routed.rpt.
report_methodology completed successfully
report_methodology: Time (s): cpu = 00:00:14 ; elapsed = 00:00:08 . Memory (MB): peak = 1474.652 ; gain = 0.004
INFO: [runtcl-4] Executing : report_power -file design_1_wrapper_power_routed.rpt -pb design_1_wrapper_power_summary_routed.pb -rpx design_1_wrapper_power_routed.rpx
Command: report_power -file design_1_wrapper_power_routed.rpt -pb design_1_wrapper_power_summary_routed.pb -rpx design_1_wrapper_power_routed.rpx
INFO: [Timing 38-35] Done setting XDC timing constraints.
Running Vector-less Activity Propagation...

Finished Running Vector-less Activity Propagation
67 Infos, 0 Warnings, 0 Critical Warnings and 0 Errors encountered.
report_power completed successfully
report_power: Time (s): cpu = 00:00:11 ; elapsed = 00:00:10 . Memory (MB): peak = 1474.676 ; gain = 0.023
INFO: [runtcl-4] Executing : report_route_status -file design_1_wrapper_route_status.rpt -pb design_1_wrapper_route_status.pb
INFO: [runtcl-4] Executing : report_timing_summary -max_paths 10 -file design_1_wrapper_timing_summary_routed.rpt -pb design_1_wrapper_timing_summary_routed.pb -rpx design_1_wrapper_timing_summary_routed.rpx -warn_on_violation 
INFO: [Timing 38-91] UpdateTimingParams: Speed grade: -3, Delay Type: min_max.
INFO: [Timing 38-191] Multithreading enabled for timing update using a maximum of 2 CPUs
INFO: [runtcl-4] Executing : report_incremental_reuse -file design_1_wrapper_incremental_reuse_routed.rpt
INFO: [Vivado_Tcl 4-1062] Incremental flow is disabled. No incremental reuse Info to report.
INFO: [runtcl-4] Executing : report_clock_utilization -file design_1_wrapper_clock_utilization_routed.rpt
INFO: [runtcl-4] Executing : report_bus_skew -warn_on_violation -file design_1_wrapper_bus_skew_routed.rpt -pb design_1_wrapper_bus_skew_routed.pb -rpx design_1_wrapper_bus_skew_routed.rpx
INFO: [Timing 38-91] UpdateTimingParams: Speed grade: -3, Delay Type: min_max.
INFO: [Timing 38-191] Multithreading enabled for timing update using a maximum of 2 CPUs
Command: write_bitstream -force design_1_wrapper.bit -bin_file
Attempting to get a license for feature 'Implementation' and/or device 'xc7z020'
INFO: [Common 17-349] Got license for feature 'Implementation' and/or device 'xc7z020'
Running DRC as a precondition to command write_bitstream
INFO: [IP_Flow 19-1839] IP Catalog is up to date.
INFO: [DRC 23-27] Running DRC with 2 threads
WARNING: [DRC RTSTAT-10] No routable loads: 1355 net(s) have no routable loads. The problem bus(es) and/or net(s) are design_1_i/processing_system7_0/inst/CAN0_PHY_TX, design_1_i/processing_system7_0/inst/CAN1_PHY_TX, design_1_i/processing_system7_0/inst/DMA0_DATYPE[1:0], design_1_i/processing_system7_0/inst/DMA0_DAVALID, design_1_i/processing_system7_0/inst/DMA0_DRREADY, design_1_i/processing_system7_0/inst/DMA0_RSTN, design_1_i/processing_system7_0/inst/DMA1_DATYPE[1:0], design_1_i/processing_system7_0/inst/DMA1_DAVALID, design_1_i/processing_system7_0/inst/DMA1_DRREADY, design_1_i/processing_system7_0/inst/DMA1_RSTN, design_1_i/processing_system7_0/inst/DMA2_DATYPE[1:0], design_1_i/processing_system7_0/inst/DMA2_DAVALID, design_1_i/processing_system7_0/inst/DMA2_DRREADY, design_1_i/processing_system7_0/inst/DMA2_RSTN, design_1_i/processing_system7_0/inst/DMA3_DATYPE[1:0]... and (the first 15 of 449 listed).
INFO: [Vivado 12-3199] DRC finished with 0 Errors, 1 Warnings
INFO: [Vivado 12-3200] Please refer to the DRC report (report_drc) for more information.
INFO: [Designutils 20-2272] Running write_bitstream with 2 threads.
Loading data files...
Loading site data...
Loading route data...
Processing options...
Creating bitmap...
Creating bitstream...
Writing bitstream ./design_1_wrapper.bit...
Writing bitstream ./design_1_wrapper.bin...
INFO: [Vivado 12-1842] Bitgen Completed Successfully.
INFO: [Project 1-120] WebTalk data collection is mandatory when using a WebPACK part without a full Vivado license. To see the specific WebTalk data collected for your design, open the usage_statistics_webtalk.html or usage_statistics_webtalk.xml file in the implementation directory.
INFO: [Common 17-186] 'C:/GitHub/ESDII-Lab4/blink/project/blink.runs/impl_1/usage_statistics_webtalk.xml' has been successfully sent to Xilinx on Wed Mar  2 10:50:42 2022. For additional details about this file, please refer to the WebTalk help file at C:/Xilinx/Vivado/2019.1/doc/webtalk_introduction.html.
INFO: [Common 17-83] Releasing license: Implementation
87 Infos, 1 Warnings, 0 Critical Warnings and 0 Errors encountered.
write_bitstream completed successfully
write_bitstream: Time (s): cpu = 00:01:36 ; elapsed = 00:01:36 . Memory (MB): peak = 1904.695 ; gain = 430.020
INFO: [Common 17-206] Exiting Vivado at Wed Mar  2 10:50:44 2022...
